<?xml version="1.0" encoding="UTF-8"?>
<testsuite xmlns:xsi="http://www.w3.org/2001/XMLSchema-instance" xsi:noNamespaceSchemaLocation="https://maven.apache.org/surefire/maven-surefire-plugin/xsd/surefire-test-report-3.0.xsd" version="3.0" name="com.taemoi.project.controladores.AdminControllerTest" time="7.234" tests="2" errors="0" skipped="0" failures="0">
  <properties>
    <property name="java.specification.version" value="17"/>
    <property name="sun.cpu.isalist" value="amd64"/>
    <property name="sun.jnu.encoding" value="Cp1252"/>
    <property name="java.class.path" value="C:\Users\croly\Documents\workspace-spring-tool-suite-4-4.20.0.RELEASE\Taemoi_Front_y_Back\TaeMoi\target\test-classes;C:\Users\croly\Documents\workspace-spring-tool-suite-4-4.20.0.RELEASE\Taemoi_Front_y_Back\TaeMoi\target\classes;C:\Users\croly\.m2\repository\org\springframework\boot\spring-boot-starter-data-jpa\3.2.2\spring-boot-starter-data-jpa-3.2.2.jar;C:\Users\croly\.m2\repository\org\springframework\boot\spring-boot-starter-aop\3.2.2\spring-boot-starter-aop-3.2.2.jar;C:\Users\croly\.m2\repository\org\aspectj\aspectjweaver\1.9.21\aspectjweaver-1.9.21.jar;C:\Users\croly\.m2\repository\org\springframework\boot\spring-boot-starter-jdbc\3.2.2\spring-boot-starter-jdbc-3.2.2.jar;C:\Users\croly\.m2\repository\com\zaxxer\HikariCP\5.0.1\HikariCP-5.0.1.jar;C:\Users\croly\.m2\repository\org\springframework\spring-jdbc\6.1.3\spring-jdbc-6.1.3.jar;C:\Users\croly\.m2\repository\org\hibernate\orm\hibernate-core\6.4.1.Final\hibernate-core-6.4.1.Final.jar;C:\Users\croly\.m2\repository\jakarta\persistence\jakarta.persistence-api\3.1.0\jakarta.persistence-api-3.1.0.jar;C:\Users\croly\.m2\repository\jakarta\transaction\jakarta.transaction-api\2.0.1\jakarta.transaction-api-2.0.1.jar;C:\Users\croly\.m2\repository\org\jboss\logging\jboss-logging\3.5.3.Final\jboss-logging-3.5.3.Final.jar;C:\Users\croly\.m2\repository\org\hibernate\common\hibernate-commons-annotations\6.0.6.Final\hibernate-commons-annotations-6.0.6.Final.jar;C:\Users\croly\.m2\repository\io\smallrye\jandex\3.1.2\jandex-3.1.2.jar;C:\Users\croly\.m2\repository\com\fasterxml\classmate\1.6.0\classmate-1.6.0.jar;C:\Users\croly\.m2\repository\net\bytebuddy\byte-buddy\1.14.11\byte-buddy-1.14.11.jar;C:\Users\croly\.m2\repository\org\glassfish\jaxb\jaxb-runtime\4.0.4\jaxb-runtime-4.0.4.jar;C:\Users\croly\.m2\repository\org\glassfish\jaxb\jaxb-core\4.0.4\jaxb-core-4.0.4.jar;C:\Users\croly\.m2\repository\org\eclipse\angus\angus-activation\2.0.1\angus-activation-2.0.1.jar;C:\Users\croly\.m2\repository\org\glassfish\jaxb\txw2\4.0.4\txw2-4.0.4.jar;C:\Users\croly\.m2\repository\com\sun\istack\istack-commons-runtime\4.1.2\istack-commons-runtime-4.1.2.jar;C:\Users\croly\.m2\repository\jakarta\inject\jakarta.inject-api\2.0.1\jakarta.inject-api-2.0.1.jar;C:\Users\croly\.m2\repository\org\antlr\antlr4-runtime\4.13.0\antlr4-runtime-4.13.0.jar;C:\Users\croly\.m2\repository\org\springframework\data\spring-data-jpa\3.2.2\spring-data-jpa-3.2.2.jar;C:\Users\croly\.m2\repository\org\springframework\data\spring-data-commons\3.2.2\spring-data-commons-3.2.2.jar;C:\Users\croly\.m2\repository\org\springframework\spring-orm\6.1.3\spring-orm-6.1.3.jar;C:\Users\croly\.m2\repository\org\springframework\spring-context\6.1.3\spring-context-6.1.3.jar;C:\Users\croly\.m2\repository\org\springframework\spring-tx\6.1.3\spring-tx-6.1.3.jar;C:\Users\croly\.m2\repository\org\springframework\spring-beans\6.1.3\spring-beans-6.1.3.jar;C:\Users\croly\.m2\repository\jakarta\annotation\jakarta.annotation-api\2.1.1\jakarta.annotation-api-2.1.1.jar;C:\Users\croly\.m2\repository\org\slf4j\slf4j-api\2.0.11\slf4j-api-2.0.11.jar;C:\Users\croly\.m2\repository\org\springframework\spring-aspects\6.1.3\spring-aspects-6.1.3.jar;C:\Users\croly\.m2\repository\org\springframework\boot\spring-boot-starter-validation\3.2.2\spring-boot-starter-validation-3.2.2.jar;C:\Users\croly\.m2\repository\org\springframework\boot\spring-boot-starter\3.2.2\spring-boot-starter-3.2.2.jar;C:\Users\croly\.m2\repository\org\springframework\boot\spring-boot\3.2.2\spring-boot-3.2.2.jar;C:\Users\croly\.m2\repository\org\springframework\boot\spring-boot-autoconfigure\3.2.2\spring-boot-autoconfigure-3.2.2.jar;C:\Users\croly\.m2\repository\org\springframework\boot\spring-boot-starter-logging\3.2.2\spring-boot-starter-logging-3.2.2.jar;C:\Users\croly\.m2\repository\ch\qos\logback\logback-classic\1.4.14\logback-classic-1.4.14.jar;C:\Users\croly\.m2\repository\ch\qos\logback\logback-core\1.4.14\logback-core-1.4.14.jar;C:\Users\croly\.m2\repository\org\apache\logging\log4j\log4j-to-slf4j\2.21.1\log4j-to-slf4j-2.21.1.jar;C:\Users\croly\.m2\repository\org\apache\logging\log4j\log4j-api\2.21.1\log4j-api-2.21.1.jar;C:\Users\croly\.m2\repository\org\slf4j\jul-to-slf4j\2.0.11\jul-to-slf4j-2.0.11.jar;C:\Users\croly\.m2\repository\org\yaml\snakeyaml\2.2\snakeyaml-2.2.jar;C:\Users\croly\.m2\repository\org\apache\tomcat\embed\tomcat-embed-el\10.1.18\tomcat-embed-el-10.1.18.jar;C:\Users\croly\.m2\repository\org\hibernate\validator\hibernate-validator\8.0.1.Final\hibernate-validator-8.0.1.Final.jar;C:\Users\croly\.m2\repository\jakarta\validation\jakarta.validation-api\3.0.2\jakarta.validation-api-3.0.2.jar;C:\Users\croly\.m2\repository\org\springframework\boot\spring-boot-starter-web\3.2.2\spring-boot-starter-web-3.2.2.jar;C:\Users\croly\.m2\repository\org\springframework\boot\spring-boot-starter-json\3.2.2\spring-boot-starter-json-3.2.2.jar;C:\Users\croly\.m2\repository\com\fasterxml\jackson\datatype\jackson-datatype-jdk8\2.15.3\jackson-datatype-jdk8-2.15.3.jar;C:\Users\croly\.m2\repository\com\fasterxml\jackson\datatype\jackson-datatype-jsr310\2.15.3\jackson-datatype-jsr310-2.15.3.jar;C:\Users\croly\.m2\repository\com\fasterxml\jackson\module\jackson-module-parameter-names\2.15.3\jackson-module-parameter-names-2.15.3.jar;C:\Users\croly\.m2\repository\org\springframework\boot\spring-boot-starter-tomcat\3.2.2\spring-boot-starter-tomcat-3.2.2.jar;C:\Users\croly\.m2\repository\org\apache\tomcat\embed\tomcat-embed-core\10.1.18\tomcat-embed-core-10.1.18.jar;C:\Users\croly\.m2\repository\org\apache\tomcat\embed\tomcat-embed-websocket\10.1.18\tomcat-embed-websocket-10.1.18.jar;C:\Users\croly\.m2\repository\org\springframework\spring-web\6.1.3\spring-web-6.1.3.jar;C:\Users\croly\.m2\repository\io\micrometer\micrometer-observation\1.12.2\micrometer-observation-1.12.2.jar;C:\Users\croly\.m2\repository\io\micrometer\micrometer-commons\1.12.2\micrometer-commons-1.12.2.jar;C:\Users\croly\.m2\repository\org\springframework\spring-webmvc\6.1.3\spring-webmvc-6.1.3.jar;C:\Users\croly\.m2\repository\org\springframework\spring-expression\6.1.3\spring-expression-6.1.3.jar;C:\Users\croly\.m2\repository\org\springframework\boot\spring-boot-starter-security\3.2.2\spring-boot-starter-security-3.2.2.jar;C:\Users\croly\.m2\repository\org\springframework\spring-aop\6.1.3\spring-aop-6.1.3.jar;C:\Users\croly\.m2\repository\org\springframework\security\spring-security-config\6.2.1\spring-security-config-6.2.1.jar;C:\Users\croly\.m2\repository\org\springframework\security\spring-security-web\6.2.1\spring-security-web-6.2.1.jar;C:\Users\croly\.m2\repository\com\mysql\mysql-connector-j\8.3.0\mysql-connector-j-8.3.0.jar;C:\Users\croly\.m2\repository\org\springframework\boot\spring-boot-starter-test\3.2.2\spring-boot-starter-test-3.2.2.jar;C:\Users\croly\.m2\repository\org\springframework\boot\spring-boot-test\3.2.2\spring-boot-test-3.2.2.jar;C:\Users\croly\.m2\repository\org\springframework\boot\spring-boot-test-autoconfigure\3.2.2\spring-boot-test-autoconfigure-3.2.2.jar;C:\Users\croly\.m2\repository\com\jayway\jsonpath\json-path\2.8.0\json-path-2.8.0.jar;C:\Users\croly\.m2\repository\jakarta\xml\bind\jakarta.xml.bind-api\4.0.1\jakarta.xml.bind-api-4.0.1.jar;C:\Users\croly\.m2\repository\jakarta\activation\jakarta.activation-api\2.1.2\jakarta.activation-api-2.1.2.jar;C:\Users\croly\.m2\repository\net\minidev\json-smart\2.5.0\json-smart-2.5.0.jar;C:\Users\croly\.m2\repository\net\minidev\accessors-smart\2.5.0\accessors-smart-2.5.0.jar;C:\Users\croly\.m2\repository\org\ow2\asm\asm\9.3\asm-9.3.jar;C:\Users\croly\.m2\repository\org\assertj\assertj-core\3.24.2\assertj-core-3.24.2.jar;C:\Users\croly\.m2\repository\org\awaitility\awaitility\4.2.0\awaitility-4.2.0.jar;C:\Users\croly\.m2\repository\org\hamcrest\hamcrest\2.2\hamcrest-2.2.jar;C:\Users\croly\.m2\repository\org\junit\jupiter\junit-jupiter\5.10.1\junit-jupiter-5.10.1.jar;C:\Users\croly\.m2\repository\org\junit\jupiter\junit-jupiter-api\5.10.1\junit-jupiter-api-5.10.1.jar;C:\Users\croly\.m2\repository\org\opentest4j\opentest4j\1.3.0\opentest4j-1.3.0.jar;C:\Users\croly\.m2\repository\org\junit\platform\junit-platform-commons\1.10.1\junit-platform-commons-1.10.1.jar;C:\Users\croly\.m2\repository\org\apiguardian\apiguardian-api\1.1.2\apiguardian-api-1.1.2.jar;C:\Users\croly\.m2\repository\org\junit\jupiter\junit-jupiter-params\5.10.1\junit-jupiter-params-5.10.1.jar;C:\Users\croly\.m2\repository\org\junit\jupiter\junit-jupiter-engine\5.10.1\junit-jupiter-engine-5.10.1.jar;C:\Users\croly\.m2\repository\org\junit\platform\junit-platform-engine\1.10.1\junit-platform-engine-1.10.1.jar;C:\Users\croly\.m2\repository\org\mockito\mockito-core\5.7.0\mockito-core-5.7.0.jar;C:\Users\croly\.m2\repository\net\bytebuddy\byte-buddy-agent\1.14.11\byte-buddy-agent-1.14.11.jar;C:\Users\croly\.m2\repository\org\objenesis\objenesis\3.3\objenesis-3.3.jar;C:\Users\croly\.m2\repository\org\mockito\mockito-junit-jupiter\5.7.0\mockito-junit-jupiter-5.7.0.jar;C:\Users\croly\.m2\repository\org\skyscreamer\jsonassert\1.5.1\jsonassert-1.5.1.jar;C:\Users\croly\.m2\repository\com\vaadin\external\google\android-json\0.0.20131108.vaadin1\android-json-0.0.20131108.vaadin1.jar;C:\Users\croly\.m2\repository\org\springframework\spring-core\6.1.3\spring-core-6.1.3.jar;C:\Users\croly\.m2\repository\org\springframework\spring-jcl\6.1.3\spring-jcl-6.1.3.jar;C:\Users\croly\.m2\repository\org\springframework\spring-test\6.1.3\spring-test-6.1.3.jar;C:\Users\croly\.m2\repository\org\xmlunit\xmlunit-core\2.9.1\xmlunit-core-2.9.1.jar;C:\Users\croly\.m2\repository\org\apache\commons\commons-lang3\3.13.0\commons-lang3-3.13.0.jar;C:\Users\croly\.m2\repository\org\projectlombok\lombok\1.18.30\lombok-1.18.30.jar;C:\Users\croly\.m2\repository\io\jsonwebtoken\jjwt-api\0.11.5\jjwt-api-0.11.5.jar;C:\Users\croly\.m2\repository\io\jsonwebtoken\jjwt-impl\0.11.5\jjwt-impl-0.11.5.jar;C:\Users\croly\.m2\repository\io\jsonwebtoken\jjwt-jackson\0.11.5\jjwt-jackson-0.11.5.jar;C:\Users\croly\.m2\repository\com\fasterxml\jackson\core\jackson-databind\2.15.3\jackson-databind-2.15.3.jar;C:\Users\croly\.m2\repository\com\fasterxml\jackson\core\jackson-annotations\2.15.3\jackson-annotations-2.15.3.jar;C:\Users\croly\.m2\repository\com\fasterxml\jackson\core\jackson-core\2.15.3\jackson-core-2.15.3.jar;C:\Users\croly\.m2\repository\com\github\javafaker\javafaker\1.0.2\javafaker-1.0.2.jar;C:\Users\croly\.m2\repository\org\yaml\snakeyaml\1.23\snakeyaml-1.23-android.jar;C:\Users\croly\.m2\repository\com\github\mifmif\generex\1.0.2\generex-1.0.2.jar;C:\Users\croly\.m2\repository\dk\brics\automaton\automaton\1.11-8\automaton-1.11-8.jar;C:\Users\croly\.m2\repository\org\springframework\security\spring-security-test\6.2.1\spring-security-test-6.2.1.jar;C:\Users\croly\.m2\repository\org\springframework\security\spring-security-core\6.2.1\spring-security-core-6.2.1.jar;C:\Users\croly\.m2\repository\org\springframework\security\spring-security-crypto\6.2.1\spring-security-crypto-6.2.1.jar;"/>
    <property name="java.vm.vendor" value="Eclipse Adoptium"/>
    <property name="sun.arch.data.model" value="64"/>
    <property name="user.variant" value=""/>
    <property name="java.vendor.url" value="https://adoptium.net/"/>
    <property name="user.timezone" value="Europe/Madrid"/>
    <property name="org.jboss.logging.provider" value="slf4j"/>
    <property name="os.name" value="Windows 11"/>
    <property name="java.vm.specification.version" value="17"/>
    <property name="sun.java.launcher" value="SUN_STANDARD"/>
    <property name="user.country" value="ES"/>
    <property name="sun.boot.library.path" value="C:\Users\croly\Documents\sts-4.20.0.RELEASE\plugins\org.eclipse.justj.openjdk.hotspot.jre.full.win32.x86_64_17.0.8.v20230831-1047\jre\bin"/>
    <property name="sun.java.command" value="C:\Users\croly\AppData\Local\Temp\surefire7437903258550537080\surefirebooter-20240301104121675_3.jar C:\Users\croly\AppData\Local\Temp\surefire7437903258550537080 2024-03-01T10-41-21_428-jvmRun1 surefire-20240301104121675_1tmp surefire_0-20240301104121675_2tmp"/>
    <property name="jdk.debug" value="release"/>
    <property name="surefire.test.class.path" value="C:\Users\croly\Documents\workspace-spring-tool-suite-4-4.20.0.RELEASE\Taemoi_Front_y_Back\TaeMoi\target\test-classes;C:\Users\croly\Documents\workspace-spring-tool-suite-4-4.20.0.RELEASE\Taemoi_Front_y_Back\TaeMoi\target\classes;C:\Users\croly\.m2\repository\org\springframework\boot\spring-boot-starter-data-jpa\3.2.2\spring-boot-starter-data-jpa-3.2.2.jar;C:\Users\croly\.m2\repository\org\springframework\boot\spring-boot-starter-aop\3.2.2\spring-boot-starter-aop-3.2.2.jar;C:\Users\croly\.m2\repository\org\aspectj\aspectjweaver\1.9.21\aspectjweaver-1.9.21.jar;C:\Users\croly\.m2\repository\org\springframework\boot\spring-boot-starter-jdbc\3.2.2\spring-boot-starter-jdbc-3.2.2.jar;C:\Users\croly\.m2\repository\com\zaxxer\HikariCP\5.0.1\HikariCP-5.0.1.jar;C:\Users\croly\.m2\repository\org\springframework\spring-jdbc\6.1.3\spring-jdbc-6.1.3.jar;C:\Users\croly\.m2\repository\org\hibernate\orm\hibernate-core\6.4.1.Final\hibernate-core-6.4.1.Final.jar;C:\Users\croly\.m2\repository\jakarta\persistence\jakarta.persistence-api\3.1.0\jakarta.persistence-api-3.1.0.jar;C:\Users\croly\.m2\repository\jakarta\transaction\jakarta.transaction-api\2.0.1\jakarta.transaction-api-2.0.1.jar;C:\Users\croly\.m2\repository\org\jboss\logging\jboss-logging\3.5.3.Final\jboss-logging-3.5.3.Final.jar;C:\Users\croly\.m2\repository\org\hibernate\common\hibernate-commons-annotations\6.0.6.Final\hibernate-commons-annotations-6.0.6.Final.jar;C:\Users\croly\.m2\repository\io\smallrye\jandex\3.1.2\jandex-3.1.2.jar;C:\Users\croly\.m2\repository\com\fasterxml\classmate\1.6.0\classmate-1.6.0.jar;C:\Users\croly\.m2\repository\net\bytebuddy\byte-buddy\1.14.11\byte-buddy-1.14.11.jar;C:\Users\croly\.m2\repository\org\glassfish\jaxb\jaxb-runtime\4.0.4\jaxb-runtime-4.0.4.jar;C:\Users\croly\.m2\repository\org\glassfish\jaxb\jaxb-core\4.0.4\jaxb-core-4.0.4.jar;C:\Users\croly\.m2\repository\org\eclipse\angus\angus-activation\2.0.1\angus-activation-2.0.1.jar;C:\Users\croly\.m2\repository\org\glassfish\jaxb\txw2\4.0.4\txw2-4.0.4.jar;C:\Users\croly\.m2\repository\com\sun\istack\istack-commons-runtime\4.1.2\istack-commons-runtime-4.1.2.jar;C:\Users\croly\.m2\repository\jakarta\inject\jakarta.inject-api\2.0.1\jakarta.inject-api-2.0.1.jar;C:\Users\croly\.m2\repository\org\antlr\antlr4-runtime\4.13.0\antlr4-runtime-4.13.0.jar;C:\Users\croly\.m2\repository\org\springframework\data\spring-data-jpa\3.2.2\spring-data-jpa-3.2.2.jar;C:\Users\croly\.m2\repository\org\springframework\data\spring-data-commons\3.2.2\spring-data-commons-3.2.2.jar;C:\Users\croly\.m2\repository\org\springframework\spring-orm\6.1.3\spring-orm-6.1.3.jar;C:\Users\croly\.m2\repository\org\springframework\spring-context\6.1.3\spring-context-6.1.3.jar;C:\Users\croly\.m2\repository\org\springframework\spring-tx\6.1.3\spring-tx-6.1.3.jar;C:\Users\croly\.m2\repository\org\springframework\spring-beans\6.1.3\spring-beans-6.1.3.jar;C:\Users\croly\.m2\repository\jakarta\annotation\jakarta.annotation-api\2.1.1\jakarta.annotation-api-2.1.1.jar;C:\Users\croly\.m2\repository\org\slf4j\slf4j-api\2.0.11\slf4j-api-2.0.11.jar;C:\Users\croly\.m2\repository\org\springframework\spring-aspects\6.1.3\spring-aspects-6.1.3.jar;C:\Users\croly\.m2\repository\org\springframework\boot\spring-boot-starter-validation\3.2.2\spring-boot-starter-validation-3.2.2.jar;C:\Users\croly\.m2\repository\org\springframework\boot\spring-boot-starter\3.2.2\spring-boot-starter-3.2.2.jar;C:\Users\croly\.m2\repository\org\springframework\boot\spring-boot\3.2.2\spring-boot-3.2.2.jar;C:\Users\croly\.m2\repository\org\springframework\boot\spring-boot-autoconfigure\3.2.2\spring-boot-autoconfigure-3.2.2.jar;C:\Users\croly\.m2\repository\org\springframework\boot\spring-boot-starter-logging\3.2.2\spring-boot-starter-logging-3.2.2.jar;C:\Users\croly\.m2\repository\ch\qos\logback\logback-classic\1.4.14\logback-classic-1.4.14.jar;C:\Users\croly\.m2\repository\ch\qos\logback\logback-core\1.4.14\logback-core-1.4.14.jar;C:\Users\croly\.m2\repository\org\apache\logging\log4j\log4j-to-slf4j\2.21.1\log4j-to-slf4j-2.21.1.jar;C:\Users\croly\.m2\repository\org\apache\logging\log4j\log4j-api\2.21.1\log4j-api-2.21.1.jar;C:\Users\croly\.m2\repository\org\slf4j\jul-to-slf4j\2.0.11\jul-to-slf4j-2.0.11.jar;C:\Users\croly\.m2\repository\org\yaml\snakeyaml\2.2\snakeyaml-2.2.jar;C:\Users\croly\.m2\repository\org\apache\tomcat\embed\tomcat-embed-el\10.1.18\tomcat-embed-el-10.1.18.jar;C:\Users\croly\.m2\repository\org\hibernate\validator\hibernate-validator\8.0.1.Final\hibernate-validator-8.0.1.Final.jar;C:\Users\croly\.m2\repository\jakarta\validation\jakarta.validation-api\3.0.2\jakarta.validation-api-3.0.2.jar;C:\Users\croly\.m2\repository\org\springframework\boot\spring-boot-starter-web\3.2.2\spring-boot-starter-web-3.2.2.jar;C:\Users\croly\.m2\repository\org\springframework\boot\spring-boot-starter-json\3.2.2\spring-boot-starter-json-3.2.2.jar;C:\Users\croly\.m2\repository\com\fasterxml\jackson\datatype\jackson-datatype-jdk8\2.15.3\jackson-datatype-jdk8-2.15.3.jar;C:\Users\croly\.m2\repository\com\fasterxml\jackson\datatype\jackson-datatype-jsr310\2.15.3\jackson-datatype-jsr310-2.15.3.jar;C:\Users\croly\.m2\repository\com\fasterxml\jackson\module\jackson-module-parameter-names\2.15.3\jackson-module-parameter-names-2.15.3.jar;C:\Users\croly\.m2\repository\org\springframework\boot\spring-boot-starter-tomcat\3.2.2\spring-boot-starter-tomcat-3.2.2.jar;C:\Users\croly\.m2\repository\org\apache\tomcat\embed\tomcat-embed-core\10.1.18\tomcat-embed-core-10.1.18.jar;C:\Users\croly\.m2\repository\org\apache\tomcat\embed\tomcat-embed-websocket\10.1.18\tomcat-embed-websocket-10.1.18.jar;C:\Users\croly\.m2\repository\org\springframework\spring-web\6.1.3\spring-web-6.1.3.jar;C:\Users\croly\.m2\repository\io\micrometer\micrometer-observation\1.12.2\micrometer-observation-1.12.2.jar;C:\Users\croly\.m2\repository\io\micrometer\micrometer-commons\1.12.2\micrometer-commons-1.12.2.jar;C:\Users\croly\.m2\repository\org\springframework\spring-webmvc\6.1.3\spring-webmvc-6.1.3.jar;C:\Users\croly\.m2\repository\org\springframework\spring-expression\6.1.3\spring-expression-6.1.3.jar;C:\Users\croly\.m2\repository\org\springframework\boot\spring-boot-starter-security\3.2.2\spring-boot-starter-security-3.2.2.jar;C:\Users\croly\.m2\repository\org\springframework\spring-aop\6.1.3\spring-aop-6.1.3.jar;C:\Users\croly\.m2\repository\org\springframework\security\spring-security-config\6.2.1\spring-security-config-6.2.1.jar;C:\Users\croly\.m2\repository\org\springframework\security\spring-security-web\6.2.1\spring-security-web-6.2.1.jar;C:\Users\croly\.m2\repository\com\mysql\mysql-connector-j\8.3.0\mysql-connector-j-8.3.0.jar;C:\Users\croly\.m2\repository\org\springframework\boot\spring-boot-starter-test\3.2.2\spring-boot-starter-test-3.2.2.jar;C:\Users\croly\.m2\repository\org\springframework\boot\spring-boot-test\3.2.2\spring-boot-test-3.2.2.jar;C:\Users\croly\.m2\repository\org\springframework\boot\spring-boot-test-autoconfigure\3.2.2\spring-boot-test-autoconfigure-3.2.2.jar;C:\Users\croly\.m2\repository\com\jayway\jsonpath\json-path\2.8.0\json-path-2.8.0.jar;C:\Users\croly\.m2\repository\jakarta\xml\bind\jakarta.xml.bind-api\4.0.1\jakarta.xml.bind-api-4.0.1.jar;C:\Users\croly\.m2\repository\jakarta\activation\jakarta.activation-api\2.1.2\jakarta.activation-api-2.1.2.jar;C:\Users\croly\.m2\repository\net\minidev\json-smart\2.5.0\json-smart-2.5.0.jar;C:\Users\croly\.m2\repository\net\minidev\accessors-smart\2.5.0\accessors-smart-2.5.0.jar;C:\Users\croly\.m2\repository\org\ow2\asm\asm\9.3\asm-9.3.jar;C:\Users\croly\.m2\repository\org\assertj\assertj-core\3.24.2\assertj-core-3.24.2.jar;C:\Users\croly\.m2\repository\org\awaitility\awaitility\4.2.0\awaitility-4.2.0.jar;C:\Users\croly\.m2\repository\org\hamcrest\hamcrest\2.2\hamcrest-2.2.jar;C:\Users\croly\.m2\repository\org\junit\jupiter\junit-jupiter\5.10.1\junit-jupiter-5.10.1.jar;C:\Users\croly\.m2\repository\org\junit\jupiter\junit-jupiter-api\5.10.1\junit-jupiter-api-5.10.1.jar;C:\Users\croly\.m2\repository\org\opentest4j\opentest4j\1.3.0\opentest4j-1.3.0.jar;C:\Users\croly\.m2\repository\org\junit\platform\junit-platform-commons\1.10.1\junit-platform-commons-1.10.1.jar;C:\Users\croly\.m2\repository\org\apiguardian\apiguardian-api\1.1.2\apiguardian-api-1.1.2.jar;C:\Users\croly\.m2\repository\org\junit\jupiter\junit-jupiter-params\5.10.1\junit-jupiter-params-5.10.1.jar;C:\Users\croly\.m2\repository\org\junit\jupiter\junit-jupiter-engine\5.10.1\junit-jupiter-engine-5.10.1.jar;C:\Users\croly\.m2\repository\org\junit\platform\junit-platform-engine\1.10.1\junit-platform-engine-1.10.1.jar;C:\Users\croly\.m2\repository\org\mockito\mockito-core\5.7.0\mockito-core-5.7.0.jar;C:\Users\croly\.m2\repository\net\bytebuddy\byte-buddy-agent\1.14.11\byte-buddy-agent-1.14.11.jar;C:\Users\croly\.m2\repository\org\objenesis\objenesis\3.3\objenesis-3.3.jar;C:\Users\croly\.m2\repository\org\mockito\mockito-junit-jupiter\5.7.0\mockito-junit-jupiter-5.7.0.jar;C:\Users\croly\.m2\repository\org\skyscreamer\jsonassert\1.5.1\jsonassert-1.5.1.jar;C:\Users\croly\.m2\repository\com\vaadin\external\google\android-json\0.0.20131108.vaadin1\android-json-0.0.20131108.vaadin1.jar;C:\Users\croly\.m2\repository\org\springframework\spring-core\6.1.3\spring-core-6.1.3.jar;C:\Users\croly\.m2\repository\org\springframework\spring-jcl\6.1.3\spring-jcl-6.1.3.jar;C:\Users\croly\.m2\repository\org\springframework\spring-test\6.1.3\spring-test-6.1.3.jar;C:\Users\croly\.m2\repository\org\xmlunit\xmlunit-core\2.9.1\xmlunit-core-2.9.1.jar;C:\Users\croly\.m2\repository\org\apache\commons\commons-lang3\3.13.0\commons-lang3-3.13.0.jar;C:\Users\croly\.m2\repository\org\projectlombok\lombok\1.18.30\lombok-1.18.30.jar;C:\Users\croly\.m2\repository\io\jsonwebtoken\jjwt-api\0.11.5\jjwt-api-0.11.5.jar;C:\Users\croly\.m2\repository\io\jsonwebtoken\jjwt-impl\0.11.5\jjwt-impl-0.11.5.jar;C:\Users\croly\.m2\repository\io\jsonwebtoken\jjwt-jackson\0.11.5\jjwt-jackson-0.11.5.jar;C:\Users\croly\.m2\repository\com\fasterxml\jackson\core\jackson-databind\2.15.3\jackson-databind-2.15.3.jar;C:\Users\croly\.m2\repository\com\fasterxml\jackson\core\jackson-annotations\2.15.3\jackson-annotations-2.15.3.jar;C:\Users\croly\.m2\repository\com\fasterxml\jackson\core\jackson-core\2.15.3\jackson-core-2.15.3.jar;C:\Users\croly\.m2\repository\com\github\javafaker\javafaker\1.0.2\javafaker-1.0.2.jar;C:\Users\croly\.m2\repository\org\yaml\snakeyaml\1.23\snakeyaml-1.23-android.jar;C:\Users\croly\.m2\repository\com\github\mifmif\generex\1.0.2\generex-1.0.2.jar;C:\Users\croly\.m2\repository\dk\brics\automaton\automaton\1.11-8\automaton-1.11-8.jar;C:\Users\croly\.m2\repository\org\springframework\security\spring-security-test\6.2.1\spring-security-test-6.2.1.jar;C:\Users\croly\.m2\repository\org\springframework\security\spring-security-core\6.2.1\spring-security-core-6.2.1.jar;C:\Users\croly\.m2\repository\org\springframework\security\spring-security-crypto\6.2.1\spring-security-crypto-6.2.1.jar;"/>
    <property name="sun.cpu.endian" value="little"/>
    <property name="user.home" value="C:\Users\croly"/>
    <property name="user.language" value="es"/>
    <property name="java.specification.vendor" value="Oracle Corporation"/>
    <property name="java.version.date" value="2023-08-24"/>
    <property name="java.home" value="C:\Users\croly\Documents\sts-4.20.0.RELEASE\plugins\org.eclipse.justj.openjdk.hotspot.jre.full.win32.x86_64_17.0.8.v20230831-1047\jre"/>
    <property name="file.separator" value="\"/>
    <property name="style.color" value="always"/>
    <property name="basedir" value="C:\Users\croly\Documents\workspace-spring-tool-suite-4-4.20.0.RELEASE\Taemoi_Front_y_Back\TaeMoi"/>
    <property name="java.vm.compressedOopsMode" value="Zero based"/>
    <property name="line.separator" value="&#10;"/>
    <property name="java.vm.specification.vendor" value="Oracle Corporation"/>
    <property name="java.specification.name" value="Java Platform API Specification"/>
    <property name="FILE_LOG_CHARSET" value="windows-1252"/>
    <property name="java.awt.headless" value="true"/>
    <property name="surefire.real.class.path" value="C:\Users\croly\AppData\Local\Temp\surefire7437903258550537080\surefirebooter-20240301104121675_3.jar"/>
    <property name="user.script" value=""/>
    <property name="sun.management.compiler" value="HotSpot 64-Bit Tiered Compilers"/>
    <property name="java.runtime.version" value="17.0.8.1+1"/>
    <property name="user.name" value="Crolyx16"/>
    <property name="path.separator" value=";"/>
    <property name="os.version" value="10.0"/>
    <property name="java.runtime.name" value="OpenJDK Runtime Environment"/>
    <property name="file.encoding" value="Cp1252"/>
    <property name="java.vm.name" value="OpenJDK 64-Bit Server VM"/>
    <property name="java.vendor.version" value="Temurin-17.0.8.1+1"/>
    <property name="localRepository" value="C:\Users\croly\.m2\repository"/>
    <property name="java.vendor.url.bug" value="https://github.com/adoptium/adoptium-support/issues"/>
    <property name="java.io.tmpdir" value="C:\Users\croly\AppData\Local\Temp\"/>
    <property name="com.zaxxer.hikari.pool_number" value="1"/>
    <property name="java.version" value="17.0.8.1"/>
    <property name="user.dir" value="C:\Users\croly\Documents\workspace-spring-tool-suite-4-4.20.0.RELEASE\Taemoi_Front_y_Back\TaeMoi"/>
    <property name="os.arch" value="amd64"/>
    <property name="java.vm.specification.name" value="Java Virtual Machine Specification"/>
    <property name="PID" value="29676"/>
    <property name="sun.os.patch.level" value=""/>
    <property name="CONSOLE_LOG_CHARSET" value="windows-1252"/>
    <property name="native.encoding" value="Cp1252"/>
    <property name="java.library.path" value="C:\Users\croly\Documents\sts-4.20.0.RELEASE\plugins\org.eclipse.justj.openjdk.hotspot.jre.full.win32.x86_64_17.0.8.v20230831-1047\jre\bin;C:\WINDOWS\Sun\Java\bin;C:\WINDOWS\system32;C:\WINDOWS;C:/Users/croly/Documents/sts-4.20.0.RELEASE//plugins/org.eclipse.justj.openjdk.hotspot.jre.full.win32.x86_64_17.0.8.v20230831-1047/jre/bin/server;C:/Users/croly/Documents/sts-4.20.0.RELEASE//plugins/org.eclipse.justj.openjdk.hotspot.jre.full.win32.x86_64_17.0.8.v20230831-1047/jre/bin;C:\Python311\Scripts\;C:\Python311\;C:\Program Files\Common Files\Oracle\Java\javapath;C:\Program Files (x86)\Common Files\Oracle\Java\javapath;C:\WINDOWS\system32;C:\WINDOWS;C:\WINDOWS\System32\Wbem;C:\WINDOWS\System32\WindowsPowerShell\v1.0\;C:\WINDOWS\System32\OpenSSH\;C:\Program Files (x86)\NVIDIA Corporation\PhysX\Common;C:\Program Files\NVIDIA Corporation\NVIDIA NvDLISR;C:\Program Files\dotnet\;C:\Program Files\nodejs\;C:\ProgramData\chocolatey\bin;C:\Program Files\Docker\Docker\resources\bin;C:\Program Files\Kubernetes\Minikube;C:\Program Files\MySQL\MySQL Shell 8.0\bin\;C:\Users\croly\AppData\Local\Microsoft\WindowsApps;C:\Users\croly\AppData\Local\GitHubDesktop\bin;C:\Users\croly\AppData\Roaming\npm;C:\Users\croly\AppData\Local\Programs\Microsoft VS Code\bin;C:\Users\croly\AppData\Local\Programs\mongosh\;C:\Users\croly\Documents\sts-4.20.0.RELEASE;;."/>
    <property name="java.vm.info" value="mixed mode"/>
    <property name="java.vendor" value="Eclipse Adoptium"/>
    <property name="java.vm.version" value="17.0.8.1+1"/>
    <property name="sun.io.unicode.encoding" value="UnicodeLittle"/>
    <property name="java.class.version" value="61.0"/>
    <property name="LOGGED_APPLICATION_NAME" value="[spring-security] "/>
  </properties>
  <testcase name="testMostrarUsuarios" classname="com.taemoi.project.controladores.AdminControllerTest" time="0.282">
    <system-out><![CDATA[10:41:22.600 [main] INFO org.springframework.test.context.support.AnnotationConfigContextLoaderUtils -- Could not detect default configuration classes for test class [com.taemoi.project.controladores.AdminControllerTest]: AdminControllerTest does not declare any static, non-private, non-final, nested classes annotated with @Configuration.
10:41:22.707 [main] INFO org.springframework.boot.test.context.SpringBootTestContextBootstrapper -- Found @SpringBootConfiguration com.taemoi.project.TaeMoiApplication for test class com.taemoi.project.controladores.AdminControllerTest

      ___           ___           ___           ___           ___                 
     /\  \         /\  \         /\  \         /\__\         /\  \          ___   
     \:\  \       /::\  \       /::\  \       /::|  |       /::\  \        /\  \  
      \:\  \     /:/\:\  \     /:/\:\  \     /:|:|  |      /:/\:\  \       \:\  \ 
      /::\  \   /::\~\:\  \   /::\~\:\  \   /:/|:|__|__   /:/  \:\  \      /::\__\
     /:/\:\__\ /:/\:\ \:\__\ /:/\:\ \:\__\ /:/ |::::\__\ /:/__/ \:\__\  __/:/\/__/
    /:/  \/__/ \/__\:\/:/  / \:\~\:\ \/__/ \/__/~~/:/  / \:\  \ /:/  / /\/:/  /   
   /:/  /           \::/  /   \:\ \:\__\         /:/  /   \:\  /:/  /  \::/__/    
   \/__/            /:/  /     \:\ \/__/        /:/  /     \:\/:/  /    \:\__\    
                   /:/  /       \:\__\         /:/  /       \::/  /      \/__/    
                   \/__/         \/__/         \/__/         \/__/                

2024-03-01 10:41:23  INFO o.h.validator.internal.util.Version      : HV000001: Hibernate Validator 8.0.1.Final
2024-03-01 10:41:23  INFO c.t.p.controladores.AdminControllerTest  : Starting AdminControllerTest using Java 17.0.8.1 with PID 29676 (started by Crolyx16 in C:\Users\croly\Documents\workspace-spring-tool-suite-4-4.20.0.RELEASE\Taemoi_Front_y_Back\TaeMoi)
2024-03-01 10:41:23  INFO c.t.p.controladores.AdminControllerTest  : The following 1 profile is active: "demo"
2024-03-01 10:41:23  INFO .s.d.r.c.RepositoryConfigurationDelegate : Bootstrapping Spring Data JPA repositories in DEFAULT mode.
2024-03-01 10:41:23  INFO .s.d.r.c.RepositoryConfigurationDelegate : Finished Spring Data repository scanning in 81 ms. Found 7 JPA repository interfaces.
2024-03-01 10:41:24  INFO o.hibernate.jpa.internal.util.LogHelper  : HHH000204: Processing PersistenceUnitInfo [name: default]
2024-03-01 10:41:24  INFO org.hibernate.Version                    : HHH000412: Hibernate ORM core version 6.4.1.Final
2024-03-01 10:41:24  INFO o.h.c.internal.RegionFactoryInitiator    : HHH000026: Second-level cache disabled
2024-03-01 10:41:24  INFO o.s.o.j.p.SpringPersistenceUnitInfo      : No LoadTimeWeaver setup: ignoring JPA class transformer
2024-03-01 10:41:25  INFO com.zaxxer.hikari.HikariDataSource       : HikariPool-1 - Starting...
2024-03-01 10:41:25  INFO com.zaxxer.hikari.pool.HikariPool        : HikariPool-1 - Added connection com.mysql.cj.jdbc.ConnectionImpl@37f41a81
2024-03-01 10:41:25  INFO com.zaxxer.hikari.HikariDataSource       : HikariPool-1 - Start completed.
2024-03-01 10:41:25  WARN org.hibernate.orm.deprecation            : HHH90000025: MySQL8Dialect does not need to be specified explicitly using 'hibernate.dialect' (remove the property setting and it will be selected by default)
2024-03-01 10:41:25  WARN org.hibernate.orm.deprecation            : HHH90000026: MySQL8Dialect has been deprecated; use org.hibernate.dialect.MySQLDialect instead
2024-03-01 10:41:26  INFO o.h.e.t.j.p.i.JtaPlatformInitiator       : HHH000489: No JTA platform available (set 'hibernate.transaction.jta.platform' to enable JTA platform integration)
2024-03-01 10:41:26  INFO j.LocalContainerEntityManagerFactoryBean : Initialized JPA EntityManagerFactory for persistence unit 'default'
2024-03-01 10:41:27  WARN JpaBaseConfiguration$JpaWebConfiguration : spring.jpa.open-in-view is enabled by default. Therefore, database queries may be performed during view rendering. Explicitly configure spring.jpa.open-in-view to disable this warning
2024-03-01 10:41:27  INFO c.t.p.controladores.AdminControllerTest  : Started AdminControllerTest in 4.837 seconds (process running for 5.868)
Hibernate: select a1_0.id,a1_0.apellidos,a1_0.categoria_id,a1_0.cuantia_tarifa,a1_0.direccion,a1_0.email,a1_0.fecha_alta,a1_0.fecha_baja,a1_0.fecha_nacimiento,a1_0.grado_id,a1_0.nif,a1_0.nombre,a1_0.numero_expediente,a1_0.telefono,a1_0.tipo_tarifa from alumno a1_0
Hibernate: select c1_0.id,c1_0.nombre,c1_0.tipo_categoria from categoria c1_0 where c1_0.id=?
Hibernate: select g1_0.id,g1_0.tipo_grado from grado g1_0 where g1_0.id=?
Hibernate: select g1_0.id,g1_0.tipo_grado from grado g1_0 where g1_0.id=?
Hibernate: select g1_0.id,g1_0.tipo_grado from grado g1_0 where g1_0.id=?
Hibernate: select g1_0.id,g1_0.tipo_grado from grado g1_0 where g1_0.id=?
Hibernate: select c1_0.id,c1_0.nombre,c1_0.tipo_categoria from categoria c1_0 where c1_0.id=?
Hibernate: select g1_0.id,g1_0.tipo_grado from grado g1_0 where g1_0.id=?
Hibernate: select g1_0.id,g1_0.tipo_grado from grado g1_0 where g1_0.id=?
Hibernate: select g1_0.id,g1_0.tipo_grado from grado g1_0 where g1_0.id=?
Hibernate: delete from alumno where id=?
Hibernate: delete from alumno where id=?
Hibernate: delete from alumno where id=?
Hibernate: delete from alumno where id=?
Hibernate: delete from alumno where id=?
Hibernate: delete from alumno where id=?
Hibernate: delete from alumno where id=?
Hibernate: delete from alumno where id=?
Hibernate: delete from alumno where id=?
Hibernate: delete from alumno where id=?
Hibernate: delete from alumno where id=?
Hibernate: delete from alumno where id=?
Hibernate: delete from alumno where id=?
Hibernate: delete from alumno where id=?
Hibernate: delete from alumno where id=?
Hibernate: delete from alumno where id=?
Hibernate: delete from alumno where id=?
Hibernate: delete from alumno where id=?
Hibernate: delete from alumno where id=?
Hibernate: delete from alumno where id=?
Hibernate: select g1_0.id,g1_0.tipo_grado from grado g1_0 where g1_0.tipo_grado=?
Hibernate: select g1_0.id,g1_0.tipo_grado from grado g1_0 where g1_0.tipo_grado=?
Hibernate: select g1_0.id,g1_0.tipo_grado from grado g1_0 where g1_0.tipo_grado=?
Hibernate: select g1_0.id,g1_0.tipo_grado from grado g1_0 where g1_0.tipo_grado=?
Hibernate: select g1_0.id,g1_0.tipo_grado from grado g1_0 where g1_0.tipo_grado=?
Hibernate: select g1_0.id,g1_0.tipo_grado from grado g1_0 where g1_0.tipo_grado=?
Hibernate: select g1_0.id,g1_0.tipo_grado from grado g1_0 where g1_0.tipo_grado=?
Hibernate: select g1_0.id,g1_0.tipo_grado from grado g1_0 where g1_0.tipo_grado=?
Hibernate: select g1_0.id,g1_0.tipo_grado from grado g1_0 where g1_0.tipo_grado=?
Hibernate: select g1_0.id,g1_0.tipo_grado from grado g1_0 where g1_0.tipo_grado=?
Hibernate: select g1_0.id,g1_0.tipo_grado from grado g1_0 where g1_0.tipo_grado=?
Hibernate: select g1_0.id,g1_0.tipo_grado from grado g1_0 where g1_0.tipo_grado=?
Hibernate: select g1_0.id,g1_0.tipo_grado from grado g1_0 where g1_0.tipo_grado=?
Hibernate: select u1_0.id,u1_0.apellidos,u1_0.contrasena,u1_0.email,u1_0.nombre from usuario u1_0 where u1_0.email=?
Hibernate: select r1_0.usuario_id,r1_0.roles from usuario_rol r1_0 where r1_0.usuario_id=?
Hibernate: select u1_0.id,u1_0.apellidos,u1_0.contrasena,u1_0.email,u1_0.nombre from usuario u1_0 where u1_0.email=?
Hibernate: select r1_0.usuario_id,r1_0.roles from usuario_rol r1_0 where r1_0.usuario_id=?
Hibernate: select c1_0.id,c1_0.nombre,c1_0.tipo_categoria from categoria c1_0 where c1_0.nombre=?
Hibernate: select c1_0.id,c1_0.nombre,c1_0.tipo_categoria from categoria c1_0 where c1_0.nombre=?
Hibernate: select c1_0.id,c1_0.nombre,c1_0.tipo_categoria from categoria c1_0 where c1_0.nombre=?
Hibernate: select c1_0.id,c1_0.nombre,c1_0.tipo_categoria from categoria c1_0 where c1_0.nombre=?
Hibernate: select c1_0.id,c1_0.nombre,c1_0.tipo_categoria from categoria c1_0 where c1_0.nombre=?
Hibernate: select c1_0.id,c1_0.nombre,c1_0.tipo_categoria from categoria c1_0 where c1_0.nombre=?
Hibernate: select c1_0.id,c1_0.nombre,c1_0.tipo_categoria from categoria c1_0 where c1_0.nombre=?
Hibernate: select c1_0.id,c1_0.nombre,c1_0.tipo_categoria from categoria c1_0 where c1_0.nombre=?
Hibernate: select g1_0.id,g1_0.tipo_grado from grado g1_0 where g1_0.tipo_grado=?
Hibernate: insert into alumno (apellidos,categoria_id,cuantia_tarifa,direccion,email,fecha_alta,fecha_baja,fecha_nacimiento,grado_id,nif,nombre,numero_expediente,telefono,tipo_tarifa) values (?,?,?,?,?,?,?,?,?,?,?,?,?,?)
Hibernate: select c1_0.id,c1_0.nombre,c1_0.tipo_categoria from categoria c1_0 where c1_0.nombre=?
Hibernate: select g1_0.id,g1_0.tipo_grado from grado g1_0 where g1_0.tipo_grado=?
Hibernate: insert into alumno (apellidos,categoria_id,cuantia_tarifa,direccion,email,fecha_alta,fecha_baja,fecha_nacimiento,grado_id,nif,nombre,numero_expediente,telefono,tipo_tarifa) values (?,?,?,?,?,?,?,?,?,?,?,?,?,?)
Hibernate: select c1_0.id,c1_0.nombre,c1_0.tipo_categoria from categoria c1_0 where c1_0.nombre=?
Hibernate: select g1_0.id,g1_0.tipo_grado from grado g1_0 where g1_0.tipo_grado=?
Hibernate: insert into alumno (apellidos,categoria_id,cuantia_tarifa,direccion,email,fecha_alta,fecha_baja,fecha_nacimiento,grado_id,nif,nombre,numero_expediente,telefono,tipo_tarifa) values (?,?,?,?,?,?,?,?,?,?,?,?,?,?)
Hibernate: select c1_0.id,c1_0.nombre,c1_0.tipo_categoria from categoria c1_0 where c1_0.nombre=?
Hibernate: select g1_0.id,g1_0.tipo_grado from grado g1_0 where g1_0.tipo_grado=?
Hibernate: insert into alumno (apellidos,categoria_id,cuantia_tarifa,direccion,email,fecha_alta,fecha_baja,fecha_nacimiento,grado_id,nif,nombre,numero_expediente,telefono,tipo_tarifa) values (?,?,?,?,?,?,?,?,?,?,?,?,?,?)
Hibernate: select c1_0.id,c1_0.nombre,c1_0.tipo_categoria from categoria c1_0 where c1_0.nombre=?
Hibernate: select g1_0.id,g1_0.tipo_grado from grado g1_0 where g1_0.tipo_grado=?
Hibernate: insert into alumno (apellidos,categoria_id,cuantia_tarifa,direccion,email,fecha_alta,fecha_baja,fecha_nacimiento,grado_id,nif,nombre,numero_expediente,telefono,tipo_tarifa) values (?,?,?,?,?,?,?,?,?,?,?,?,?,?)
Hibernate: select c1_0.id,c1_0.nombre,c1_0.tipo_categoria from categoria c1_0 where c1_0.nombre=?
Hibernate: select g1_0.id,g1_0.tipo_grado from grado g1_0 where g1_0.tipo_grado=?
Hibernate: insert into alumno (apellidos,categoria_id,cuantia_tarifa,direccion,email,fecha_alta,fecha_baja,fecha_nacimiento,grado_id,nif,nombre,numero_expediente,telefono,tipo_tarifa) values (?,?,?,?,?,?,?,?,?,?,?,?,?,?)
Hibernate: select c1_0.id,c1_0.nombre,c1_0.tipo_categoria from categoria c1_0 where c1_0.nombre=?
Hibernate: select g1_0.id,g1_0.tipo_grado from grado g1_0 where g1_0.tipo_grado=?
Hibernate: insert into alumno (apellidos,categoria_id,cuantia_tarifa,direccion,email,fecha_alta,fecha_baja,fecha_nacimiento,grado_id,nif,nombre,numero_expediente,telefono,tipo_tarifa) values (?,?,?,?,?,?,?,?,?,?,?,?,?,?)
Hibernate: select c1_0.id,c1_0.nombre,c1_0.tipo_categoria from categoria c1_0 where c1_0.nombre=?
Hibernate: select g1_0.id,g1_0.tipo_grado from grado g1_0 where g1_0.tipo_grado=?
Hibernate: insert into alumno (apellidos,categoria_id,cuantia_tarifa,direccion,email,fecha_alta,fecha_baja,fecha_nacimiento,grado_id,nif,nombre,numero_expediente,telefono,tipo_tarifa) values (?,?,?,?,?,?,?,?,?,?,?,?,?,?)
Hibernate: select c1_0.id,c1_0.nombre,c1_0.tipo_categoria from categoria c1_0 where c1_0.nombre=?
Hibernate: select g1_0.id,g1_0.tipo_grado from grado g1_0 where g1_0.tipo_grado=?
Hibernate: insert into alumno (apellidos,categoria_id,cuantia_tarifa,direccion,email,fecha_alta,fecha_baja,fecha_nacimiento,grado_id,nif,nombre,numero_expediente,telefono,tipo_tarifa) values (?,?,?,?,?,?,?,?,?,?,?,?,?,?)
Hibernate: select c1_0.id,c1_0.nombre,c1_0.tipo_categoria from categoria c1_0 where c1_0.nombre=?
Hibernate: select g1_0.id,g1_0.tipo_grado from grado g1_0 where g1_0.tipo_grado=?
Hibernate: insert into alumno (apellidos,categoria_id,cuantia_tarifa,direccion,email,fecha_alta,fecha_baja,fecha_nacimiento,grado_id,nif,nombre,numero_expediente,telefono,tipo_tarifa) values (?,?,?,?,?,?,?,?,?,?,?,?,?,?)
Hibernate: select c1_0.id,c1_0.nombre,c1_0.tipo_categoria from categoria c1_0 where c1_0.nombre=?
Hibernate: select g1_0.id,g1_0.tipo_grado from grado g1_0 where g1_0.tipo_grado=?
Hibernate: insert into alumno (apellidos,categoria_id,cuantia_tarifa,direccion,email,fecha_alta,fecha_baja,fecha_nacimiento,grado_id,nif,nombre,numero_expediente,telefono,tipo_tarifa) values (?,?,?,?,?,?,?,?,?,?,?,?,?,?)
Hibernate: select c1_0.id,c1_0.nombre,c1_0.tipo_categoria from categoria c1_0 where c1_0.nombre=?
Hibernate: select g1_0.id,g1_0.tipo_grado from grado g1_0 where g1_0.tipo_grado=?
Hibernate: insert into alumno (apellidos,categoria_id,cuantia_tarifa,direccion,email,fecha_alta,fecha_baja,fecha_nacimiento,grado_id,nif,nombre,numero_expediente,telefono,tipo_tarifa) values (?,?,?,?,?,?,?,?,?,?,?,?,?,?)
Hibernate: select c1_0.id,c1_0.nombre,c1_0.tipo_categoria from categoria c1_0 where c1_0.nombre=?
Hibernate: select g1_0.id,g1_0.tipo_grado from grado g1_0 where g1_0.tipo_grado=?
Hibernate: insert into alumno (apellidos,categoria_id,cuantia_tarifa,direccion,email,fecha_alta,fecha_baja,fecha_nacimiento,grado_id,nif,nombre,numero_expediente,telefono,tipo_tarifa) values (?,?,?,?,?,?,?,?,?,?,?,?,?,?)
Hibernate: select c1_0.id,c1_0.nombre,c1_0.tipo_categoria from categoria c1_0 where c1_0.nombre=?
Hibernate: select g1_0.id,g1_0.tipo_grado from grado g1_0 where g1_0.tipo_grado=?
Hibernate: insert into alumno (apellidos,categoria_id,cuantia_tarifa,direccion,email,fecha_alta,fecha_baja,fecha_nacimiento,grado_id,nif,nombre,numero_expediente,telefono,tipo_tarifa) values (?,?,?,?,?,?,?,?,?,?,?,?,?,?)
Hibernate: select c1_0.id,c1_0.nombre,c1_0.tipo_categoria from categoria c1_0 where c1_0.nombre=?
Hibernate: select g1_0.id,g1_0.tipo_grado from grado g1_0 where g1_0.tipo_grado=?
Hibernate: insert into alumno (apellidos,categoria_id,cuantia_tarifa,direccion,email,fecha_alta,fecha_baja,fecha_nacimiento,grado_id,nif,nombre,numero_expediente,telefono,tipo_tarifa) values (?,?,?,?,?,?,?,?,?,?,?,?,?,?)
Hibernate: select c1_0.id,c1_0.nombre,c1_0.tipo_categoria from categoria c1_0 where c1_0.nombre=?
Hibernate: select g1_0.id,g1_0.tipo_grado from grado g1_0 where g1_0.tipo_grado=?
Hibernate: insert into alumno (apellidos,categoria_id,cuantia_tarifa,direccion,email,fecha_alta,fecha_baja,fecha_nacimiento,grado_id,nif,nombre,numero_expediente,telefono,tipo_tarifa) values (?,?,?,?,?,?,?,?,?,?,?,?,?,?)
Hibernate: select c1_0.id,c1_0.nombre,c1_0.tipo_categoria from categoria c1_0 where c1_0.nombre=?
Hibernate: select g1_0.id,g1_0.tipo_grado from grado g1_0 where g1_0.tipo_grado=?
Hibernate: insert into alumno (apellidos,categoria_id,cuantia_tarifa,direccion,email,fecha_alta,fecha_baja,fecha_nacimiento,grado_id,nif,nombre,numero_expediente,telefono,tipo_tarifa) values (?,?,?,?,?,?,?,?,?,?,?,?,?,?)
Hibernate: select c1_0.id,c1_0.nombre,c1_0.tipo_categoria from categoria c1_0 where c1_0.nombre=?
Hibernate: select g1_0.id,g1_0.tipo_grado from grado g1_0 where g1_0.tipo_grado=?
Hibernate: insert into alumno (apellidos,categoria_id,cuantia_tarifa,direccion,email,fecha_alta,fecha_baja,fecha_nacimiento,grado_id,nif,nombre,numero_expediente,telefono,tipo_tarifa) values (?,?,?,?,?,?,?,?,?,?,?,?,?,?)
Hibernate: select c1_0.id,c1_0.nombre,c1_0.tipo_categoria from categoria c1_0 where c1_0.nombre=?
Hibernate: select g1_0.id,g1_0.tipo_grado from grado g1_0 where g1_0.tipo_grado=?
Hibernate: insert into alumno (apellidos,categoria_id,cuantia_tarifa,direccion,email,fecha_alta,fecha_baja,fecha_nacimiento,grado_id,nif,nombre,numero_expediente,telefono,tipo_tarifa) values (?,?,?,?,?,?,?,?,?,?,?,?,?,?)
Hibernate: select c1_0.id,c1_0.nombre,c1_0.tipo_categoria from categoria c1_0 where c1_0.nombre=?
Hibernate: select g1_0.id,g1_0.tipo_grado from grado g1_0 where g1_0.tipo_grado=?
Hibernate: insert into alumno (apellidos,categoria_id,cuantia_tarifa,direccion,email,fecha_alta,fecha_baja,fecha_nacimiento,grado_id,nif,nombre,numero_expediente,telefono,tipo_tarifa) values (?,?,?,?,?,?,?,?,?,?,?,?,?,?)
2024-03-01 10:41:29  INFO c.t.p.controladores.AdminController      : ## AuthorizationAdminController :: showUsers
]]></system-out>
  </testcase>
  <testcase name="testMostrarUsuariosListaVacia" classname="com.taemoi.project.controladores.AdminControllerTest" time="0.006">
    <system-out><![CDATA[2024-03-01 10:41:29  INFO c.t.p.controladores.AdminController      : ## AuthorizationAdminController :: showUsers
]]></system-out>
  </testcase>
</testsuite>